<?xml version="1.0" encoding="UTF-8"?>
<testng-results skipped="0" failed="0" ignored="0" total="2" passed="2">
  <reporter-output>
  </reporter-output>
  <suite name="TestPostSuite" duration-ms="571" started-at="2019-06-17T12:29:50Z" finished-at="2019-06-17T12:29:50Z">
    <groups>
    </groups>
    <test name="TestPost" duration-ms="571" started-at="2019-06-17T12:29:50Z" finished-at="2019-06-17T12:29:50Z">
      <class name="api.TestPost">
        <test-method status="PASS" signature="setup()[pri:0, instance:api.TestPost@3551a94]" name="setup" is-config="true" duration-ms="148" started-at="2019-06-17T12:29:50Z" finished-at="2019-06-17T12:29:50Z">
          <reporter-output>
          </reporter-output>
        </test-method> <!-- setup -->
        <test-method status="PASS" signature="testPostRequest()[pri:0, instance:api.TestPost@3551a94]" name="testPostRequest" duration-ms="413" started-at="2019-06-17T12:29:50Z" finished-at="2019-06-17T12:29:50Z">
          <reporter-output>
          </reporter-output>
        </test-method> <!-- testPostRequest -->
      </class> <!-- api.TestPost -->
    </test> <!-- TestPost -->
  </suite> <!-- TestPostSuite -->
  <suite name="TestGetSuite" duration-ms="44" started-at="2019-06-17T12:29:50Z" finished-at="2019-06-17T12:29:51Z">
    <groups>
    </groups>
    <test name="TestGet" duration-ms="44" started-at="2019-06-17T12:29:50Z" finished-at="2019-06-17T12:29:51Z">
      <class name="api.TestGet">
        <test-method status="PASS" signature="setup()[pri:0, instance:api.TestGet@5afa04c]" name="setup" is-config="true" duration-ms="4" started-at="2019-06-17T12:29:50Z" finished-at="2019-06-17T12:29:50Z">
          <reporter-output>
          </reporter-output>
        </test-method> <!-- setup -->
        <test-method status="PASS" signature="testGetRequest()[pri:0, instance:api.TestGet@5afa04c]" name="testGetRequest" duration-ms="38" started-at="2019-06-17T12:29:50Z" finished-at="2019-06-17T12:29:51Z">
          <reporter-output>
          </reporter-output>
        </test-method> <!-- testGetRequest -->
      </class> <!-- api.TestGet -->
    </test> <!-- TestGet -->
  </suite> <!-- TestGetSuite -->
</testng-results>
